<?xml version="1.0" encoding="UTF-8"?>
<coverage generated="1707906330299" clover="3.2.0">
  <project timestamp="1707906330299" name="All files">
    <metrics statements="15" coveredstatements="5" conditionals="2" coveredconditionals="1" methods="2" coveredmethods="1" elements="19" coveredelements="7" complexity="0" loc="15" ncloc="15" packages="1" files="2" classes="2"/>
    <file name="App.tsx" path="/Users/marnoux/Git/frontend-training/react-pokemon/src/App.tsx">
      <metrics statements="5" coveredstatements="5" conditionals="1" coveredconditionals="1" methods="1" coveredmethods="1"/>
      <line num="1" count="1" type="cond" truecount="1" falsecount="0"/>
      <line num="2" count="1" type="stmt"/>
      <line num="3" count="1" type="stmt"/>
      <line num="4" count="1" type="stmt"/>
      <line num="5" count="1" type="stmt"/>
    </file>
    <file name="main.tsx" path="/Users/marnoux/Git/frontend-training/react-pokemon/src/main.tsx">
      <metrics statements="10" coveredstatements="0" conditionals="1" coveredconditionals="0" methods="1" coveredmethods="0"/>
      <line num="1" count="0" type="cond" truecount="0" falsecount="1"/>
      <line num="2" count="0" type="stmt"/>
      <line num="3" count="0" type="stmt"/>
      <line num="4" count="0" type="stmt"/>
      <line num="5" count="0" type="stmt"/>
      <line num="6" count="0" type="stmt"/>
      <line num="7" count="0" type="stmt"/>
      <line num="8" count="0" type="stmt"/>
      <line num="9" count="0" type="stmt"/>
      <line num="10" count="0" type="stmt"/>
    </file>
  </project>
</coverage>
